Arguments: 
  /usr/local/bin/node /usr/local/bin/yarn

PATH: 
  /usr/local/bin:/usr/local/sbin:/usr/local/bin:/usr/bin:/bin:/usr/sbin:/sbin:/Library/Apple/usr/bin:/Users/mashaodong/Desktop/flutter/bin

Yarn version: 
  1.22.10

Node version: 
  16.18.0

Platform: 
  darwin x64

Trace: 
  Error: http://192.168.2.221:4873/babel-plugin-transform-decorators-legacy: ETIMEDOUT
      at Timeout._onTimeout (/usr/local/lib/node_modules/yarn/lib/cli.js:141322:19)
      at listOnTimeout (node:internal/timers:559:17)
      at processTimers (node:internal/timers:502:7)

npm manifest: 
  {
    "name": "computees6",
    "version": "1.0.0",
    "description": "",
    "main": "index.js",
    "scripts": {
      "build": "webpack --config ./webpack.config.pro.js",
      "dev": "webpack-dev-server --content-base dist/ --hot --config webpack.config.dev.js --dispaly-modules --colors --display-reasons"
    },
    "keywords": [],
    "author": "",
    "license": "ISC",
    "devDependencies": {
      "@babel/core": "^7.12.10",
      "@babel/preset-env": "^7.12.11",
      "autoprefixer": "^9.8.6",
      "babel-core": "^6.26.3",
      "babel-loader": "^8.1.0",
      "babel-preset-env": "^1.7.0",
      "css-loader": "^4.3.0",
      "cssesc": "^3.0.0",
      "cssnano": "^4.1.10",
      "file-loader": "^6.2.0",
      "html-webpack-plugin": "^4.3.0",
      "image-webpack-loader": "^6.0.0",
      "img-loader": "^3.0.1",
      "less": "^4.1.0",
      "less-loader": "^7.3.0",
      "mini-css-extract-plugin": "^1.3.4",
      "optimize-css-assets-webpack-plugin": "^5.0.4",
      "postcss-loader": "^3.0.0",
      "postcss-modules-values": "^3.0.0",
      "style-loader": "^1.3.0",
      "uglifyjs-webpack-plugin": "^2.2.0",
      "url-loader": "^4.1.1",
      "webpack": "^4.44.1",
      "webpack-cli": "^3.3.12",
      "webpack-dev-server": "^3.11.0",
      "webpack-merge": "^5.7.3"
    },
    "dependencies": {
      "babel-plugin-transform-decorators-legacy": "^1.3.5",
      "babel-plugin-transform-runtime": "^6.23.0",
      "clean-webpack-plugin": "^3.0.0",
      "html-withimg-loader": "^0.1.16"
    }
  }

yarn manifest: 
  No manifest

Lockfile: 
  No lockfile
